<?xml version="1.0" encoding="UTF-8"?>
<testsuite name="azkaban.scheduler.QuartzJobDescriptionTest" tests="2" skipped="0" failures="0" errors="0" timestamp="2020-12-04T01:56:30" hostname="MSI" time="0.009">
  <properties/>
  <testcase name="testCreateQuartzJobDescription" classname="azkaban.scheduler.QuartzJobDescriptionTest" time="0.007"/>
  <testcase name="testCreateQuartzJobDescriptionRawType2" classname="azkaban.scheduler.QuartzJobDescriptionTest" time="0.001"/>
  <system-out><![CDATA[]]></system-out>
  <system-err><![CDATA[]]></system-err>
</testsuite>
