<?xml version="1.0" encoding="UTF-8"?>
<testsuite name="azkaban.scheduler.QuartzSchedulerTest" tests="5" skipped="0" failures="0" errors="0" timestamp="2020-12-04T01:56:32" hostname="MSI" time="0.342">
  <properties/>
  <testcase name="testInvalidCron" classname="azkaban.scheduler.QuartzSchedulerTest" time="0.009"/>
  <testcase name="testPauseSchedule" classname="azkaban.scheduler.QuartzSchedulerTest" time="0.164"/>
  <testcase name="testUnschedule" classname="azkaban.scheduler.QuartzSchedulerTest" time="0.026"/>
  <testcase name="testCreateScheduleAndRun" classname="azkaban.scheduler.QuartzSchedulerTest" time="0.136"/>
  <testcase name="testSchedulingDuplicateJob" classname="azkaban.scheduler.QuartzSchedulerTest" time="0.005"/>
  <system-out><![CDATA[2020/12/04 09:56:30.758 +0800  INFO [DatabaseSetup] [Test worker] Creating new table quartz-all-tables
2020/12/04 09:56:31.368 +0800  INFO [DispatchMethod] [Test worker] Value of dispatch method is : PUSH
2020/12/04 09:56:32.192 +0800  INFO [MLog] [Test worker] MLog clients using log4j logging.
2020/12/04 09:56:32.303 +0800  INFO [C3P0Registry] [Test worker] Initializing c3p0-0.9.1.1 [built 15-March-2007 01:32:31; debug? true; trace: 10]
2020/12/04 09:56:32.375 +0800  INFO [StdSchedulerFactory] [Test worker] Using default implementation for ThreadExecutor
2020/12/04 09:56:32.428 +0800  INFO [SchedulerSignalerImpl] [Test worker] Initialized Scheduler Signaller of type: class org.quartz.core.SchedulerSignalerImpl
2020/12/04 09:56:32.429 +0800  INFO [QuartzScheduler] [Test worker] Quartz Scheduler v.2.2.1 created.
2020/12/04 09:56:32.431 +0800  INFO [JobStoreTX] [Test worker] Using thread monitor-based data access locking (synchronization).
2020/12/04 09:56:32.433 +0800  INFO [JobStoreTX] [Test worker] JobStoreTX initialized.
2020/12/04 09:56:32.435 +0800  INFO [QuartzScheduler] [Test worker] Scheduler meta-data: Quartz Scheduler (v2.2.1) 'QuartzScheduler' with instanceId 'NON_CLUSTERED'
  Scheduler class: 'org.quartz.core.QuartzScheduler' - running locally.
  NOT STARTED.
  Currently in standby mode.
  Number of jobs executed: 0
  Using thread pool 'org.quartz.simpl.SimpleThreadPool' - with 10 threads.
  Using job-store 'org.quartz.impl.jdbcjobstore.JobStoreTX' - which supports persistence. and is not clustered.

2020/12/04 09:56:32.436 +0800  INFO [StdSchedulerFactory] [Test worker] Quartz scheduler 'QuartzScheduler' initialized from an externally provided properties instance.
2020/12/04 09:56:32.436 +0800  INFO [StdSchedulerFactory] [Test worker] Quartz scheduler version: 2.2.1
2020/12/04 09:56:32.443 +0800  INFO [QuartzScheduler] [Test worker] JobFactory set to: azkaban.scheduler.SchedulerJobFactory@dcfd4a
2020/12/04 09:56:32.566 +0800  INFO [AbstractPoolBackedDataSource] [Test worker] Initializing c3p0 pool... com.mchange.v2.c3p0.ComboPooledDataSource [ acquireIncrement -> 3, acquireRetryAttempts -> 30, acquireRetryDelay -> 1000, autoCommitOnClose -> false, automaticTestTable -> null, breakAfterAcquireFailure -> false, checkoutTimeout -> 0, connectionCustomizerClassName -> null, connectionTesterClassName -> com.mchange.v2.c3p0.impl.DefaultConnectionTester, dataSourceName -> 1hge9efaec25sihmvpyxr|7e42b7, debugUnreturnedConnectionStackTraces -> false, description -> null, driverClass -> org.h2.Driver, factoryClassLocation -> null, forceIgnoreUnresolvedTransactions -> false, identityToken -> 1hge9efaec25sihmvpyxr|7e42b7, idleConnectionTestPeriod -> 0, initialPoolSize -> 3, jdbcUrl -> jdbc:h2:mem:test;IGNORECASE=TRUE, lastAcquisitionFailureDefaultUser -> null, maxAdministrativeTaskTime -> 0, maxConnectionAge -> 0, maxIdleTime -> 0, maxIdleTimeExcessConnections -> 0, maxPoolSize -> 20, maxStatements -> 0, maxStatementsPerConnection -> 120, minPoolSize -> 1, numHelperThreads -> 3, numThreadsAwaitingCheckoutDefaultUser -> 0, preferredTestQuery -> null, properties -> {user=******, password=******}, propertyCycle -> 0, testConnectionOnCheckin -> false, testConnectionOnCheckout -> false, unreturnedConnectionTimeout -> 0, usesTraditionalReflectiveProxies -> false ]
2020/12/04 09:56:32.651 +0800  INFO [JobStoreTX] [Test worker] Freed 0 triggers from 'acquired' / 'blocked' state.
2020/12/04 09:56:32.670 +0800  INFO [JobStoreTX] [Test worker] Recovering 0 jobs that were in-progress at the time of the last shut-down.
2020/12/04 09:56:32.670 +0800  INFO [JobStoreTX] [Test worker] Recovery complete.
2020/12/04 09:56:32.671 +0800  INFO [JobStoreTX] [Test worker] Removed 0 'complete' triggers.
2020/12/04 09:56:32.671 +0800  INFO [JobStoreTX] [Test worker] Removed 0 stale fired job entries.
2020/12/04 09:56:32.674 +0800  INFO [QuartzScheduler] [Test worker] Scheduler QuartzScheduler_$_NON_CLUSTERED started.
2020/12/04 09:56:32.674 +0800  INFO [QuartzScheduler] [Test worker] Quartz Scheduler started.
2020/12/04 09:56:32.771 +0800  INFO [QuartzScheduler] [Test worker] Quartz Schedule with jobDetail null is registered.
{org.quartz.jobStore.misfireThreshold: 1000, azkaban.server.schedule.enable_quartz: true, org.quartz.jobStore.driverDelegateClass: org.quartz.impl.jdbcjobstore.StdJDBCDelegate, org.quartz.jobStore.tablePrefix: qrtz_, org.quartz.dataSource.quartzDS.URL: jdbc:h2:mem:test;IGNORECASE=TRUE, database.type: h2, org.quartz.threadPool.class: org.quartz.simpl.SimpleThreadPool, org.quartz.threadPool.threadCount: 10, org.quartz.jobStore.dataSource: quartzDS, org.quartz.jobStore.isClustered: false, org.quartz.jdbcStore: true, org.quartz.dataSource.quartzDS.driver: org.h2.Driver, org.quartz.jobStore.class: org.quartz.impl.jdbcjobstore.JobStoreTX, org.quartz.dataSource.quartzDS.maxConnections: 20, h2.path: ./h2, }
2020/12/04 09:56:32.854 +0800  INFO [QuartzScheduler] [Test worker] Quartz Schedule with jobDetail null is registered.
{org.quartz.jobStore.misfireThreshold: 1000, azkaban.server.schedule.enable_quartz: true, org.quartz.jobStore.driverDelegateClass: org.quartz.impl.jdbcjobstore.StdJDBCDelegate, org.quartz.jobStore.tablePrefix: qrtz_, org.quartz.dataSource.quartzDS.URL: jdbc:h2:mem:test;IGNORECASE=TRUE, database.type: h2, org.quartz.threadPool.class: org.quartz.simpl.SimpleThreadPool, org.quartz.threadPool.threadCount: 10, org.quartz.jobStore.dataSource: quartzDS, org.quartz.jobStore.isClustered: false, org.quartz.jdbcStore: true, org.quartz.dataSource.quartzDS.driver: org.h2.Driver, org.quartz.jobStore.class: org.quartz.impl.jdbcjobstore.JobStoreTX, org.quartz.dataSource.quartzDS.maxConnections: 20, h2.path: ./h2, }
2020/12/04 09:56:32.880 +0800  INFO [QuartzScheduler] [Test worker] Quartz Schedule with jobDetail null is registered.
{org.quartz.jobStore.misfireThreshold: 1000, azkaban.server.schedule.enable_quartz: true, org.quartz.jobStore.driverDelegateClass: org.quartz.impl.jdbcjobstore.StdJDBCDelegate, org.quartz.jobStore.tablePrefix: qrtz_, org.quartz.dataSource.quartzDS.URL: jdbc:h2:mem:test;IGNORECASE=TRUE, database.type: h2, org.quartz.threadPool.class: org.quartz.simpl.SimpleThreadPool, org.quartz.threadPool.threadCount: 10, org.quartz.jobStore.dataSource: quartzDS, org.quartz.jobStore.isClustered: false, org.quartz.jdbcStore: true, org.quartz.dataSource.quartzDS.driver: org.h2.Driver, org.quartz.jobStore.class: org.quartz.impl.jdbcjobstore.JobStoreTX, org.quartz.dataSource.quartzDS.maxConnections: 20, h2.path: ./h2, }
{org.quartz.jobStore.misfireThreshold: 1000, azkaban.server.schedule.enable_quartz: true, org.quartz.jobStore.driverDelegateClass: org.quartz.impl.jdbcjobstore.StdJDBCDelegate, org.quartz.jobStore.tablePrefix: qrtz_, org.quartz.dataSource.quartzDS.URL: jdbc:h2:mem:test;IGNORECASE=TRUE, database.type: h2, org.quartz.threadPool.class: org.quartz.simpl.SimpleThreadPool, org.quartz.threadPool.threadCount: 10, org.quartz.jobStore.dataSource: quartzDS, org.quartz.jobStore.isClustered: false, org.quartz.jdbcStore: true, org.quartz.dataSource.quartzDS.driver: org.h2.Driver, org.quartz.jobStore.class: org.quartz.impl.jdbcjobstore.JobStoreTX, org.quartz.dataSource.quartzDS.maxConnections: 20, h2.path: ./h2, }
2020/12/04 09:56:33.015 +0800  INFO [QuartzScheduler] [Test worker] Quartz Schedule with jobDetail null is registered.
2020/12/04 09:56:33.016 +0800  WARN [QuartzScheduler] [Test worker] can not register existing job with job name: SampleJob and group name: SampleService
2020/12/04 09:56:33.018 +0800  INFO [QuartzScheduler] [Test worker] Scheduler QuartzScheduler_$_NON_CLUSTERED shutting down.
2020/12/04 09:56:33.018 +0800  INFO [QuartzScheduler] [Test worker] Scheduler QuartzScheduler_$_NON_CLUSTERED paused.
2020/12/04 09:56:33.022 +0800  INFO [QuartzScheduler] [Test worker] Scheduler QuartzScheduler_$_NON_CLUSTERED shutdown complete.
2020/12/04 09:56:33.022 +0800  INFO [QuartzScheduler] [Test worker] Quartz Scheduler shut down.
]]></system-out>
  <system-err><![CDATA[]]></system-err>
</testsuite>
