<?xml version="1.0" encoding="UTF-8"?>
<testsuite name="azkaban.webapp.servlet.ExecutionFlowViewTest" tests="1" skipped="0" failures="0" errors="0" timestamp="2020-12-04T01:56:39" hostname="MSI" time="0.55">
  <properties/>
  <testcase name="testExternalAnalyzerButton" classname="azkaban.webapp.servlet.ExecutionFlowViewTest" time="0.55"/>
  <system-out><![CDATA[]]></system-out>
  <system-err><![CDATA[]]></system-err>
</testsuite>
