<?xml version="1.0" encoding="UTF-8"?>
<testsuite name="azkaban.flowtrigger.DependencyInstanceProcessorTest" tests="1" skipped="0" failures="0" errors="0" timestamp="2020-12-04T01:56:18" hostname="MSI" time="0.034">
  <properties/>
  <testcase name="testStatusUpdate" classname="azkaban.flowtrigger.DependencyInstanceProcessorTest" time="0.034"/>
  <system-out><![CDATA[]]></system-out>
  <system-err><![CDATA[]]></system-err>
</testsuite>
